[INFO ] 2024-05-24 10:45:44.578 [main] RestAssuredAutomationFramework - Create User Executed.
[INFO ] 2024-05-24 10:45:45.806 [main] RestAssuredAutomationFramework - Get User Data Executed.
[INFO ] 2024-05-24 10:45:48.103 [main] RestAssuredAutomationFramework - Update User Executed.
[INFO ] 2024-05-24 10:45:49.256 [main] RestAssuredAutomationFramework - Delete User Executed.
[INFO ] 2024-05-24 10:48:32.929 [main] RestAssuredAutomationFramework_test - Create User Executed.
[INFO ] 2024-05-24 10:48:34.160 [main] RestAssuredAutomationFramework_test - Get User Data Executed.
[INFO ] 2024-05-24 10:48:36.500 [main] RestAssuredAutomationFramework_test - Update User Executed.
[INFO ] 2024-05-24 10:48:37.681 [main] RestAssuredAutomationFramework_test - Delete User Executed.
[INFO ] 2024-05-24 11:12:53.122 [main] RestAssuredAutomationFramework_test - Create User Executed.
[INFO ] 2024-05-24 11:12:54.387 [main] RestAssuredAutomationFramework_test - Get User Data Executed.
[INFO ] 2024-05-24 11:12:56.739 [main] RestAssuredAutomationFramework_test - Update User Executed.
[INFO ] 2024-05-24 11:12:57.891 [main] RestAssuredAutomationFramework_test - Delete User Executed.
[INFO ] 2024-05-25 10:57:53.583 [main] RestAssuredAutomationFramework_test - Create User Executed.
[INFO ] 2024-05-25 10:57:54.829 [main] RestAssuredAutomationFramework_test - Get User Data Executed.
[INFO ] 2024-05-25 10:57:57.177 [main] RestAssuredAutomationFramework_test - Update User Executed.
[INFO ] 2024-05-25 10:57:58.327 [main] RestAssuredAutomationFramework_test - Delete User Executed.
[INFO ] 2024-05-25 10:58:52.697 [main] RestAssuredAutomationFramework_test - Create User Executed.
[INFO ] 2024-05-25 10:58:54.279 [main] RestAssuredAutomationFramework_test - Get User Data Executed.
[INFO ] 2024-05-25 10:58:56.601 [main] RestAssuredAutomationFramework_test - Update User Executed.
[INFO ] 2024-05-25 10:58:57.775 [main] RestAssuredAutomationFramework_test - Delete User Executed.
[INFO ] 2024-05-25 11:11:29.689 [main] RestAssuredAutomationFramework_test - Create User Executed.
[INFO ] 2024-05-25 11:11:30.950 [main] RestAssuredAutomationFramework_test - Get User Data Executed.
[INFO ] 2024-05-25 11:11:33.254 [main] RestAssuredAutomationFramework_test - Update User Executed.
[INFO ] 2024-05-25 11:11:34.436 [main] RestAssuredAutomationFramework_test - Delete User Executed.
[INFO ] 2024-05-26 18:42:34.889 [main] RestAssuredAutomationFramework_test - Create User Executed.
[INFO ] 2024-05-26 18:42:36.227 [main] RestAssuredAutomationFramework_test - Get User Data Executed.
[INFO ] 2024-05-26 18:42:38.654 [main] RestAssuredAutomationFramework_test - Update User Executed.
[INFO ] 2024-05-26 18:42:39.896 [main] RestAssuredAutomationFramework_test - Delete User Executed.
[INFO ] 2024-05-26 18:43:29.205 [main] RestAssuredAutomationFramework_test - Create User Executed.
[INFO ] 2024-05-26 18:43:30.442 [main] RestAssuredAutomationFramework_test - Get User Data Executed.
[INFO ] 2024-05-26 18:43:33.875 [main] RestAssuredAutomationFramework_test - Update User Executed.
[INFO ] 2024-05-26 18:43:35.095 [main] RestAssuredAutomationFramework_test - Delete User Executed.
